[2024-09-17 09:05:25] local.ERROR: Please provide a valid cache path. {"userId":1,"exception":"[object] (InvalidArgumentException(code: 0): Please provide a valid cache path. at D:\\LARAGON\\laragon-6.0-portable\\www\\Kelompok 4\\tefa-sistem-keuangan\\vendor\\laravel\\framework\\src\\Illuminate\\View\\Compilers\\Compiler.php:67)
[stacktrace]
#0 D:\\LARAGON\\laragon-6.0-portable\\www\\Kelompok 4\\tefa-sistem-keuangan\\vendor\\laravel\\framework\\src\\Illuminate\\View\\ViewServiceProvider.php(97): Illuminate\\View\\Compilers\\Compiler->__construct(Object(Illuminate\\Filesystem\\Filesystem), false, '', true, 'php')
#1 D:\\LARAGON\\laragon-6.0-portable\\www\\Kelompok 4\\tefa-sistem-keuangan\\vendor\\laravel\\framework\\src\\Illuminate\\Container\\Container.php(908): Illuminate\\View\\ViewServiceProvider->Illuminate\\View\\{closure}(Object(Illuminate\\Foundation\\Application), Array)
#2 D:\\LARAGON\\laragon-6.0-portable\\www\\Kelompok 4\\tefa-sistem-keuangan\\vendor\\laravel\\framework\\src\\Illuminate\\Container\\Container.php(795): Illuminate\\Container\\Container->build(Object(Closure))
#3 D:\\LARAGON\\laragon-6.0-portable\\www\\Kelompok 4\\tefa-sistem-keuangan\\vendor\\laravel\\framework\\src\\Illuminate\\Foundation\\Application.php(961): Illuminate\\Container\\Container->resolve('blade.compiler', Array, true)
#4 D:\\LARAGON\\laragon-6.0-portable\\www\\Kelompok 4\\tefa-sistem-keuangan\\vendor\\laravel\\framework\\src\\Illuminate\\Container\\Container.php(731): Illuminate\\Foundation\\Application->resolve('blade.compiler', Array)
#5 D:\\LARAGON\\laragon-6.0-portable\\www\\Kelompok 4\\tefa-sistem-keuangan\\vendor\\laravel\\framework\\src\\Illuminate\\Foundation\\Application.php(946): Illuminate\\Container\\Container->make('blade.compiler', Array)
#6 D:\\LARAGON\\laragon-6.0-portable\\www\\Kelompok 4\\tefa-sistem-keuangan\\vendor\\laravel\\framework\\src\\Illuminate\\View\\ViewServiceProvider.php(168): Illuminate\\Foundation\\Application->make('blade.compiler')
#7 [internal function]: Illuminate\\View\\ViewServiceProvider->Illuminate\\View\\{closure}()
#8 D:\\LARAGON\\laragon-6.0-portable\\www\\Kelompok 4\\tefa-sistem-keuangan\\vendor\\laravel\\framework\\src\\Illuminate\\View\\Engines\\EngineResolver.php(55): call_user_func(Object(Closure))
#9 D:\\LARAGON\\laragon-6.0-portable\\www\\Kelompok 4\\tefa-sistem-keuangan\\vendor\\laravel\\framework\\src\\Illuminate\\View\\Factory.php(310): Illuminate\\View\\Engines\\EngineResolver->resolve('blade')
#10 D:\\LARAGON\\laragon-6.0-portable\\www\\Kelompok 4\\tefa-sistem-keuangan\\vendor\\laravel\\framework\\src\\Illuminate\\View\\Factory.php(274): Illuminate\\View\\Factory->getEngineFromPath('D:\\\\LARAGON\\\\lara...')
#11 D:\\LARAGON\\laragon-6.0-portable\\www\\Kelompok 4\\tefa-sistem-keuangan\\vendor\\laravel\\framework\\src\\Illuminate\\View\\Factory.php(146): Illuminate\\View\\Factory->viewInstance('print.inventari...', 'D:\\\\LARAGON\\\\lara...', Array)
#12 D:\\LARAGON\\laragon-6.0-portable\\www\\Kelompok 4\\tefa-sistem-keuangan\\vendor\\barryvdh\\laravel-dompdf\\src\\PDF.php(140): Illuminate\\View\\Factory->make('print.inventari...', Array, Array)
#13 D:\\LARAGON\\laragon-6.0-portable\\www\\Kelompok 4\\tefa-sistem-keuangan\\vendor\\barryvdh\\laravel-dompdf\\src\\Facade\\Pdf.php(66): Barryvdh\\DomPDF\\PDF->loadView('print.inventari...', Array)
#14 D:\\LARAGON\\laragon-6.0-portable\\www\\Kelompok 4\\tefa-sistem-keuangan\\routes\\api.php(47): Barryvdh\\DomPDF\\Facade\\Pdf::__callStatic('loadView', Array)
#15 D:\\LARAGON\\laragon-6.0-portable\\www\\Kelompok 4\\tefa-sistem-keuangan\\vendor\\laravel\\framework\\src\\Illuminate\\Routing\\CallableDispatcher.php(40): Illuminate\\Routing\\RouteFileRegistrar->{closure}()
#16 D:\\LARAGON\\laragon-6.0-portable\\www\\Kelompok 4\\tefa-sistem-keuangan\\vendor\\laravel\\framework\\src\\Illuminate\\Routing\\Route.php(237): Illuminate\\Routing\\CallableDispatcher->dispatch(Object(Illuminate\\Routing\\Route), Object(Closure))
#17 D:\\LARAGON\\laragon-6.0-portable\\www\\Kelompok 4\\tefa-sistem-keuangan\\vendor\\laravel\\framework\\src\\Illuminate\\Routing\\Route.php(208): Illuminate\\Routing\\Route->runCallable()
#18 D:\\LARAGON\\laragon-6.0-portable\\www\\Kelompok 4\\tefa-sistem-keuangan\\vendor\\laravel\\framework\\src\\Illuminate\\Routing\\Router.php(806): Illuminate\\Routing\\Route->run()
#19 D:\\LARAGON\\laragon-6.0-portable\\www\\Kelompok 4\\tefa-sistem-keuangan\\vendor\\laravel\\framework\\src\\Illuminate\\Pipeline\\Pipeline.php(144): Illuminate\\Routing\\Router->Illuminate\\Routing\\{closure}(Object(Illuminate\\Http\\Request))
#20 D:\\LARAGON\\laragon-6.0-portable\\www\\Kelompok 4\\tefa-sistem-keuangan\\app\\Http\\Middleware\\CheckUserRole.php(23): Illuminate\\Pipeline\\Pipeline->Illuminate\\Pipeline\\{closure}(Object(Illuminate\\Http\\Request))
#21 D:\\LARAGON\\laragon-6.0-portable\\www\\Kelompok 4\\tefa-sistem-keuangan\\vendor\\laravel\\framework\\src\\Illuminate\\Pipeline\\Pipeline.php(183): App\\Http\\Middleware\\CheckUserRole->handle(Object(Illuminate\\Http\\Request), Object(Closure), 'Admin')
#22 D:\\LARAGON\\laragon-6.0-portable\\www\\Kelompok 4\\tefa-sistem-keuangan\\vendor\\laravel\\framework\\src\\Illuminate\\Routing\\Middleware\\SubstituteBindings.php(50): Illuminate\\Pipeline\\Pipeline->Illuminate\\Pipeline\\{closure}(Object(Illuminate\\Http\\Request))
#23 D:\\LARAGON\\laragon-6.0-portable\\www\\Kelompok 4\\tefa-sistem-keuangan\\vendor\\laravel\\framework\\src\\Illuminate\\Pipeline\\Pipeline.php(183): Illuminate\\Routing\\Middleware\\SubstituteBindings->handle(Object(Illuminate\\Http\\Request), Object(Closure))
#24 D:\\LARAGON\\laragon-6.0-portable\\www\\Kelompok 4\\tefa-sistem-keuangan\\vendor\\laravel\\framework\\src\\Illuminate\\Routing\\Middleware\\ThrottleRequests.php(159): Illuminate\\Pipeline\\Pipeline->Illuminate\\Pipeline\\{closure}(Object(Illuminate\\Http\\Request))
#25 D:\\LARAGON\\laragon-6.0-portable\\www\\Kelompok 4\\tefa-sistem-keuangan\\vendor\\laravel\\framework\\src\\Illuminate\\Routing\\Middleware\\ThrottleRequests.php(125): Illuminate\\Routing\\Middleware\\ThrottleRequests->handleRequest(Object(Illuminate\\Http\\Request), Object(Closure), Array)
#26 D:\\LARAGON\\laragon-6.0-portable\\www\\Kelompok 4\\tefa-sistem-keuangan\\vendor\\laravel\\framework\\src\\Illuminate\\Routing\\Middleware\\ThrottleRequests.php(87): Illuminate\\Routing\\Middleware\\ThrottleRequests->handleRequestUsingNamedLimiter(Object(Illuminate\\Http\\Request), Object(Closure), 'api', Object(Closure))
#27 D:\\LARAGON\\laragon-6.0-portable\\www\\Kelompok 4\\tefa-sistem-keuangan\\vendor\\laravel\\framework\\src\\Illuminate\\Pipeline\\Pipeline.php(183): Illuminate\\Routing\\Middleware\\ThrottleRequests->handle(Object(Illuminate\\Http\\Request), Object(Closure), 'api')
#28 D:\\LARAGON\\laragon-6.0-portable\\www\\Kelompok 4\\tefa-sistem-keuangan\\vendor\\laravel\\framework\\src\\Illuminate\\Auth\\Middleware\\Authenticate.php(57): Illuminate\\Pipeline\\Pipeline->Illuminate\\Pipeline\\{closure}(Object(Illuminate\\Http\\Request))
#29 D:\\LARAGON\\laragon-6.0-portable\\www\\Kelompok 4\\tefa-sistem-keuangan\\vendor\\laravel\\framework\\src\\Illuminate\\Pipeline\\Pipeline.php(183): Illuminate\\Auth\\Middleware\\Authenticate->handle(Object(Illuminate\\Http\\Request), Object(Closure), 'api')
#30 D:\\LARAGON\\laragon-6.0-portable\\www\\Kelompok 4\\tefa-sistem-keuangan\\vendor\\laravel\\framework\\src\\Illuminate\\Pipeline\\Pipeline.php(119): Illuminate\\Pipeline\\Pipeline->Illuminate\\Pipeline\\{closure}(Object(Illuminate\\Http\\Request))
#31 D:\\LARAGON\\laragon-6.0-portable\\www\\Kelompok 4\\tefa-sistem-keuangan\\vendor\\laravel\\framework\\src\\Illuminate\\Routing\\Router.php(805): Illuminate\\Pipeline\\Pipeline->then(Object(Closure))
#32 D:\\LARAGON\\laragon-6.0-portable\\www\\Kelompok 4\\tefa-sistem-keuangan\\vendor\\laravel\\framework\\src\\Illuminate\\Routing\\Router.php(784): Illuminate\\Routing\\Router->runRouteWithinStack(Object(Illuminate\\Routing\\Route), Object(Illuminate\\Http\\Request))
#33 D:\\LARAGON\\laragon-6.0-portable\\www\\Kelompok 4\\tefa-sistem-keuangan\\vendor\\laravel\\framework\\src\\Illuminate\\Routing\\Router.php(748): Illuminate\\Routing\\Router->runRoute(Object(Illuminate\\Http\\Request), Object(Illuminate\\Routing\\Route))
#34 D:\\LARAGON\\laragon-6.0-portable\\www\\Kelompok 4\\tefa-sistem-keuangan\\vendor\\laravel\\framework\\src\\Illuminate\\Routing\\Router.php(737): Illuminate\\Routing\\Router->dispatchToRoute(Object(Illuminate\\Http\\Request))
#35 D:\\LARAGON\\laragon-6.0-portable\\www\\Kelompok 4\\tefa-sistem-keuangan\\vendor\\laravel\\framework\\src\\Illuminate\\Foundation\\Http\\Kernel.php(200): Illuminate\\Routing\\Router->dispatch(Object(Illuminate\\Http\\Request))
#36 D:\\LARAGON\\laragon-6.0-portable\\www\\Kelompok 4\\tefa-sistem-keuangan\\vendor\\laravel\\framework\\src\\Illuminate\\Pipeline\\Pipeline.php(144): Illuminate\\Foundation\\Http\\Kernel->Illuminate\\Foundation\\Http\\{closure}(Object(Illuminate\\Http\\Request))
#37 D:\\LARAGON\\laragon-6.0-portable\\www\\Kelompok 4\\tefa-sistem-keuangan\\app\\Http\\Middleware\\ForceJsonResponse.php(20): Illuminate\\Pipeline\\Pipeline->Illuminate\\Pipeline\\{closure}(Object(Illuminate\\Http\\Request))
#38 D:\\LARAGON\\laragon-6.0-portable\\www\\Kelompok 4\\tefa-sistem-keuangan\\vendor\\laravel\\framework\\src\\Illuminate\\Pipeline\\Pipeline.php(183): App\\Http\\Middleware\\ForceJsonResponse->handle(Object(Illuminate\\Http\\Request), Object(Closure))
#39 D:\\LARAGON\\laragon-6.0-portable\\www\\Kelompok 4\\tefa-sistem-keuangan\\vendor\\laravel\\framework\\src\\Illuminate\\Foundation\\Http\\Middleware\\TransformsRequest.php(21): Illuminate\\Pipeline\\Pipeline->Illuminate\\Pipeline\\{closure}(Object(Illuminate\\Http\\Request))
#40 D:\\LARAGON\\laragon-6.0-portable\\www\\Kelompok 4\\tefa-sistem-keuangan\\vendor\\laravel\\framework\\src\\Illuminate\\Foundation\\Http\\Middleware\\ConvertEmptyStringsToNull.php(31): Illuminate\\Foundation\\Http\\Middleware\\TransformsRequest->handle(Object(Illuminate\\Http\\Request), Object(Closure))
#41 D:\\LARAGON\\laragon-6.0-portable\\www\\Kelompok 4\\tefa-sistem-keuangan\\vendor\\laravel\\framework\\src\\Illuminate\\Pipeline\\Pipeline.php(183): Illuminate\\Foundation\\Http\\Middleware\\ConvertEmptyStringsToNull->handle(Object(Illuminate\\Http\\Request), Object(Closure))
#42 D:\\LARAGON\\laragon-6.0-portable\\www\\Kelompok 4\\tefa-sistem-keuangan\\vendor\\laravel\\framework\\src\\Illuminate\\Foundation\\Http\\Middleware\\TransformsRequest.php(21): Illuminate\\Pipeline\\Pipeline->Illuminate\\Pipeline\\{closure}(Object(Illuminate\\Http\\Request))
#43 D:\\LARAGON\\laragon-6.0-portable\\www\\Kelompok 4\\tefa-sistem-keuangan\\vendor\\laravel\\framework\\src\\Illuminate\\Foundation\\Http\\Middleware\\TrimStrings.php(40): Illuminate\\Foundation\\Http\\Middleware\\TransformsRequest->handle(Object(Illuminate\\Http\\Request), Object(Closure))
#44 D:\\LARAGON\\laragon-6.0-portable\\www\\Kelompok 4\\tefa-sistem-keuangan\\vendor\\laravel\\framework\\src\\Illuminate\\Pipeline\\Pipeline.php(183): Illuminate\\Foundation\\Http\\Middleware\\TrimStrings->handle(Object(Illuminate\\Http\\Request), Object(Closure))
#45 D:\\LARAGON\\laragon-6.0-portable\\www\\Kelompok 4\\tefa-sistem-keuangan\\vendor\\laravel\\framework\\src\\Illuminate\\Foundation\\Http\\Middleware\\PreventRequestsDuringMaintenance.php(99): Illuminate\\Pipeline\\Pipeline->Illuminate\\Pipeline\\{closure}(Object(Illuminate\\Http\\Request))
#46 D:\\LARAGON\\laragon-6.0-portable\\www\\Kelompok 4\\tefa-sistem-keuangan\\vendor\\laravel\\framework\\src\\Illuminate\\Pipeline\\Pipeline.php(183): Illuminate\\Foundation\\Http\\Middleware\\PreventRequestsDuringMaintenance->handle(Object(Illuminate\\Http\\Request), Object(Closure))
#47 D:\\LARAGON\\laragon-6.0-portable\\www\\Kelompok 4\\tefa-sistem-keuangan\\vendor\\laravel\\framework\\src\\Illuminate\\Http\\Middleware\\HandleCors.php(62): Illuminate\\Pipeline\\Pipeline->Illuminate\\Pipeline\\{closure}(Object(Illuminate\\Http\\Request))
#48 D:\\LARAGON\\laragon-6.0-portable\\www\\Kelompok 4\\tefa-sistem-keuangan\\vendor\\laravel\\framework\\src\\Illuminate\\Pipeline\\Pipeline.php(183): Illuminate\\Http\\Middleware\\HandleCors->handle(Object(Illuminate\\Http\\Request), Object(Closure))
#49 D:\\LARAGON\\laragon-6.0-portable\\www\\Kelompok 4\\tefa-sistem-keuangan\\vendor\\laravel\\framework\\src\\Illuminate\\Http\\Middleware\\TrustProxies.php(39): Illuminate\\Pipeline\\Pipeline->Illuminate\\Pipeline\\{closure}(Object(Illuminate\\Http\\Request))
#50 D:\\LARAGON\\laragon-6.0-portable\\www\\Kelompok 4\\tefa-sistem-keuangan\\vendor\\laravel\\framework\\src\\Illuminate\\Pipeline\\Pipeline.php(183): Illuminate\\Http\\Middleware\\TrustProxies->handle(Object(Illuminate\\Http\\Request), Object(Closure))
#51 D:\\LARAGON\\laragon-6.0-portable\\www\\Kelompok 4\\tefa-sistem-keuangan\\vendor\\laravel\\framework\\src\\Illuminate\\Pipeline\\Pipeline.php(119): Illuminate\\Pipeline\\Pipeline->Illuminate\\Pipeline\\{closure}(Object(Illuminate\\Http\\Request))
#52 D:\\LARAGON\\laragon-6.0-portable\\www\\Kelompok 4\\tefa-sistem-keuangan\\vendor\\laravel\\framework\\src\\Illuminate\\Foundation\\Http\\Kernel.php(175): Illuminate\\Pipeline\\Pipeline->then(Object(Closure))
#53 D:\\LARAGON\\laragon-6.0-portable\\www\\Kelompok 4\\tefa-sistem-keuangan\\vendor\\laravel\\framework\\src\\Illuminate\\Foundation\\Http\\Kernel.php(144): Illuminate\\Foundation\\Http\\Kernel->sendRequestThroughRouter(Object(Illuminate\\Http\\Request))
#54 D:\\LARAGON\\laragon-6.0-portable\\www\\Kelompok 4\\tefa-sistem-keuangan\\public\\index.php(51): Illuminate\\Foundation\\Http\\Kernel->handle(Object(Illuminate\\Http\\Request))
#55 D:\\LARAGON\\laragon-6.0-portable\\www\\Kelompok 4\\tefa-sistem-keuangan\\vendor\\laravel\\framework\\src\\Illuminate\\Foundation\\resources\\server.php(16): require_once('D:\\\\LARAGON\\\\lara...')
#56 {main}
"} 
[2024-09-17 14:01:49] local.ERROR: file_put_contents(D:\LARAGON\laragon-6.0-portable\www\Kelompok 4\tefa-sistem-keuangan\storage\framework/sessions/50IGC3U8VmwFeLUUXq5MIgY46QjVQCStMcuxqrZt): Failed to open stream: No such file or directory {"exception":"[object] (ErrorException(code: 0): file_put_contents(D:\\LARAGON\\laragon-6.0-portable\\www\\Kelompok 4\\tefa-sistem-keuangan\\storage\\framework/sessions/50IGC3U8VmwFeLUUXq5MIgY46QjVQCStMcuxqrZt): Failed to open stream: No such file or directory at D:\\LARAGON\\laragon-6.0-portable\\www\\Kelompok 4\\tefa-sistem-keuangan\\vendor\\laravel\\framework\\src\\Illuminate\\Filesystem\\Filesystem.php:204)
[stacktrace]
#0 D:\\LARAGON\\laragon-6.0-portable\\www\\Kelompok 4\\tefa-sistem-keuangan\\vendor\\laravel\\framework\\src\\Illuminate\\Foundation\\Bootstrap\\HandleExceptions.php(255): Illuminate\\Foundation\\Bootstrap\\HandleExceptions->handleError(2, 'file_put_conten...', 'D:\\\\LARAGON\\\\lara...', 204)
#1 [internal function]: Illuminate\\Foundation\\Bootstrap\\HandleExceptions->Illuminate\\Foundation\\Bootstrap\\{closure}(2, 'file_put_conten...', 'D:\\\\LARAGON\\\\lara...', 204)
#2 D:\\LARAGON\\laragon-6.0-portable\\www\\Kelompok 4\\tefa-sistem-keuangan\\vendor\\laravel\\framework\\src\\Illuminate\\Filesystem\\Filesystem.php(204): file_put_contents('D:\\\\LARAGON\\\\lara...', 'a:3:{s:6:\"_toke...', 2)
#3 D:\\LARAGON\\laragon-6.0-portable\\www\\Kelompok 4\\tefa-sistem-keuangan\\vendor\\laravel\\framework\\src\\Illuminate\\Session\\FileSessionHandler.php(90): Illuminate\\Filesystem\\Filesystem->put('D:\\\\LARAGON\\\\lara...', 'a:3:{s:6:\"_toke...', true)
#4 D:\\LARAGON\\laragon-6.0-portable\\www\\Kelompok 4\\tefa-sistem-keuangan\\vendor\\laravel\\framework\\src\\Illuminate\\Session\\Store.php(172): Illuminate\\Session\\FileSessionHandler->write('50IGC3U8VmwFeLU...', 'a:3:{s:6:\"_toke...')
#5 D:\\LARAGON\\laragon-6.0-portable\\www\\Kelompok 4\\tefa-sistem-keuangan\\vendor\\laravel\\framework\\src\\Illuminate\\Session\\Middleware\\StartSession.php(245): Illuminate\\Session\\Store->save()
#6 D:\\LARAGON\\laragon-6.0-portable\\www\\Kelompok 4\\tefa-sistem-keuangan\\vendor\\laravel\\framework\\src\\Illuminate\\Session\\Middleware\\StartSession.php(130): Illuminate\\Session\\Middleware\\StartSession->saveSession(Object(Illuminate\\Http\\Request))
#7 D:\\LARAGON\\laragon-6.0-portable\\www\\Kelompok 4\\tefa-sistem-keuangan\\vendor\\laravel\\framework\\src\\Illuminate\\Session\\Middleware\\StartSession.php(64): Illuminate\\Session\\Middleware\\StartSession->handleStatefulRequest(Object(Illuminate\\Http\\Request), Object(Illuminate\\Session\\Store), Object(Closure))
#8 D:\\LARAGON\\laragon-6.0-portable\\www\\Kelompok 4\\tefa-sistem-keuangan\\vendor\\laravel\\framework\\src\\Illuminate\\Pipeline\\Pipeline.php(183): Illuminate\\Session\\Middleware\\StartSession->handle(Object(Illuminate\\Http\\Request), Object(Closure))
#9 D:\\LARAGON\\laragon-6.0-portable\\www\\Kelompok 4\\tefa-sistem-keuangan\\vendor\\laravel\\framework\\src\\Illuminate\\Cookie\\Middleware\\AddQueuedCookiesToResponse.php(37): Illuminate\\Pipeline\\Pipeline->Illuminate\\Pipeline\\{closure}(Object(Illuminate\\Http\\Request))
#10 D:\\LARAGON\\laragon-6.0-portable\\www\\Kelompok 4\\tefa-sistem-keuangan\\vendor\\laravel\\framework\\src\\Illuminate\\Pipeline\\Pipeline.php(183): Illuminate\\Cookie\\Middleware\\AddQueuedCookiesToResponse->handle(Object(Illuminate\\Http\\Request), Object(Closure))
#11 D:\\LARAGON\\laragon-6.0-portable\\www\\Kelompok 4\\tefa-sistem-keuangan\\vendor\\laravel\\framework\\src\\Illuminate\\Cookie\\Middleware\\EncryptCookies.php(67): Illuminate\\Pipeline\\Pipeline->Illuminate\\Pipeline\\{closure}(Object(Illuminate\\Http\\Request))
#12 D:\\LARAGON\\laragon-6.0-portable\\www\\Kelompok 4\\tefa-sistem-keuangan\\vendor\\laravel\\framework\\src\\Illuminate\\Pipeline\\Pipeline.php(183): Illuminate\\Cookie\\Middleware\\EncryptCookies->handle(Object(Illuminate\\Http\\Request), Object(Closure))
#13 D:\\LARAGON\\laragon-6.0-portable\\www\\Kelompok 4\\tefa-sistem-keuangan\\vendor\\laravel\\framework\\src\\Illuminate\\Pipeline\\Pipeline.php(119): Illuminate\\Pipeline\\Pipeline->Illuminate\\Pipeline\\{closure}(Object(Illuminate\\Http\\Request))
#14 D:\\LARAGON\\laragon-6.0-portable\\www\\Kelompok 4\\tefa-sistem-keuangan\\vendor\\laravel\\framework\\src\\Illuminate\\Routing\\Router.php(805): Illuminate\\Pipeline\\Pipeline->then(Object(Closure))
#15 D:\\LARAGON\\laragon-6.0-portable\\www\\Kelompok 4\\tefa-sistem-keuangan\\vendor\\laravel\\framework\\src\\Illuminate\\Routing\\Router.php(784): Illuminate\\Routing\\Router->runRouteWithinStack(Object(Illuminate\\Routing\\Route), Object(Illuminate\\Http\\Request))
#16 D:\\LARAGON\\laragon-6.0-portable\\www\\Kelompok 4\\tefa-sistem-keuangan\\vendor\\laravel\\framework\\src\\Illuminate\\Routing\\Router.php(748): Illuminate\\Routing\\Router->runRoute(Object(Illuminate\\Http\\Request), Object(Illuminate\\Routing\\Route))
#17 D:\\LARAGON\\laragon-6.0-portable\\www\\Kelompok 4\\tefa-sistem-keuangan\\vendor\\laravel\\framework\\src\\Illuminate\\Routing\\Router.php(737): Illuminate\\Routing\\Router->dispatchToRoute(Object(Illuminate\\Http\\Request))
#18 D:\\LARAGON\\laragon-6.0-portable\\www\\Kelompok 4\\tefa-sistem-keuangan\\vendor\\laravel\\framework\\src\\Illuminate\\Foundation\\Http\\Kernel.php(200): Illuminate\\Routing\\Router->dispatch(Object(Illuminate\\Http\\Request))
#19 D:\\LARAGON\\laragon-6.0-portable\\www\\Kelompok 4\\tefa-sistem-keuangan\\vendor\\laravel\\framework\\src\\Illuminate\\Pipeline\\Pipeline.php(144): Illuminate\\Foundation\\Http\\Kernel->Illuminate\\Foundation\\Http\\{closure}(Object(Illuminate\\Http\\Request))
#20 D:\\LARAGON\\laragon-6.0-portable\\www\\Kelompok 4\\tefa-sistem-keuangan\\app\\Http\\Middleware\\ForceJsonResponse.php(20): Illuminate\\Pipeline\\Pipeline->Illuminate\\Pipeline\\{closure}(Object(Illuminate\\Http\\Request))
#21 D:\\LARAGON\\laragon-6.0-portable\\www\\Kelompok 4\\tefa-sistem-keuangan\\vendor\\laravel\\framework\\src\\Illuminate\\Pipeline\\Pipeline.php(183): App\\Http\\Middleware\\ForceJsonResponse->handle(Object(Illuminate\\Http\\Request), Object(Closure))
#22 D:\\LARAGON\\laragon-6.0-portable\\www\\Kelompok 4\\tefa-sistem-keuangan\\vendor\\laravel\\framework\\src\\Illuminate\\Foundation\\Http\\Middleware\\TransformsRequest.php(21): Illuminate\\Pipeline\\Pipeline->Illuminate\\Pipeline\\{closure}(Object(Illuminate\\Http\\Request))
#23 D:\\LARAGON\\laragon-6.0-portable\\www\\Kelompok 4\\tefa-sistem-keuangan\\vendor\\laravel\\framework\\src\\Illuminate\\Foundation\\Http\\Middleware\\ConvertEmptyStringsToNull.php(31): Illuminate\\Foundation\\Http\\Middleware\\TransformsRequest->handle(Object(Illuminate\\Http\\Request), Object(Closure))
#24 D:\\LARAGON\\laragon-6.0-portable\\www\\Kelompok 4\\tefa-sistem-keuangan\\vendor\\laravel\\framework\\src\\Illuminate\\Pipeline\\Pipeline.php(183): Illuminate\\Foundation\\Http\\Middleware\\ConvertEmptyStringsToNull->handle(Object(Illuminate\\Http\\Request), Object(Closure))
#25 D:\\LARAGON\\laragon-6.0-portable\\www\\Kelompok 4\\tefa-sistem-keuangan\\vendor\\laravel\\framework\\src\\Illuminate\\Foundation\\Http\\Middleware\\TransformsRequest.php(21): Illuminate\\Pipeline\\Pipeline->Illuminate\\Pipeline\\{closure}(Object(Illuminate\\Http\\Request))
#26 D:\\LARAGON\\laragon-6.0-portable\\www\\Kelompok 4\\tefa-sistem-keuangan\\vendor\\laravel\\framework\\src\\Illuminate\\Foundation\\Http\\Middleware\\TrimStrings.php(40): Illuminate\\Foundation\\Http\\Middleware\\TransformsRequest->handle(Object(Illuminate\\Http\\Request), Object(Closure))
#27 D:\\LARAGON\\laragon-6.0-portable\\www\\Kelompok 4\\tefa-sistem-keuangan\\vendor\\laravel\\framework\\src\\Illuminate\\Pipeline\\Pipeline.php(183): Illuminate\\Foundation\\Http\\Middleware\\TrimStrings->handle(Object(Illuminate\\Http\\Request), Object(Closure))
#28 D:\\LARAGON\\laragon-6.0-portable\\www\\Kelompok 4\\tefa-sistem-keuangan\\vendor\\laravel\\framework\\src\\Illuminate\\Foundation\\Http\\Middleware\\PreventRequestsDuringMaintenance.php(99): Illuminate\\Pipeline\\Pipeline->Illuminate\\Pipeline\\{closure}(Object(Illuminate\\Http\\Request))
#29 D:\\LARAGON\\laragon-6.0-portable\\www\\Kelompok 4\\tefa-sistem-keuangan\\vendor\\laravel\\framework\\src\\Illuminate\\Pipeline\\Pipeline.php(183): Illuminate\\Foundation\\Http\\Middleware\\PreventRequestsDuringMaintenance->handle(Object(Illuminate\\Http\\Request), Object(Closure))
#30 D:\\LARAGON\\laragon-6.0-portable\\www\\Kelompok 4\\tefa-sistem-keuangan\\vendor\\laravel\\framework\\src\\Illuminate\\Http\\Middleware\\HandleCors.php(49): Illuminate\\Pipeline\\Pipeline->Illuminate\\Pipeline\\{closure}(Object(Illuminate\\Http\\Request))
#31 D:\\LARAGON\\laragon-6.0-portable\\www\\Kelompok 4\\tefa-sistem-keuangan\\vendor\\laravel\\framework\\src\\Illuminate\\Pipeline\\Pipeline.php(183): Illuminate\\Http\\Middleware\\HandleCors->handle(Object(Illuminate\\Http\\Request), Object(Closure))
#32 D:\\LARAGON\\laragon-6.0-portable\\www\\Kelompok 4\\tefa-sistem-keuangan\\vendor\\laravel\\framework\\src\\Illuminate\\Http\\Middleware\\TrustProxies.php(39): Illuminate\\Pipeline\\Pipeline->Illuminate\\Pipeline\\{closure}(Object(Illuminate\\Http\\Request))
#33 D:\\LARAGON\\laragon-6.0-portable\\www\\Kelompok 4\\tefa-sistem-keuangan\\vendor\\laravel\\framework\\src\\Illuminate\\Pipeline\\Pipeline.php(183): Illuminate\\Http\\Middleware\\TrustProxies->handle(Object(Illuminate\\Http\\Request), Object(Closure))
#34 D:\\LARAGON\\laragon-6.0-portable\\www\\Kelompok 4\\tefa-sistem-keuangan\\vendor\\laravel\\framework\\src\\Illuminate\\Pipeline\\Pipeline.php(119): Illuminate\\Pipeline\\Pipeline->Illuminate\\Pipeline\\{closure}(Object(Illuminate\\Http\\Request))
#35 D:\\LARAGON\\laragon-6.0-portable\\www\\Kelompok 4\\tefa-sistem-keuangan\\vendor\\laravel\\framework\\src\\Illuminate\\Foundation\\Http\\Kernel.php(175): Illuminate\\Pipeline\\Pipeline->then(Object(Closure))
#36 D:\\LARAGON\\laragon-6.0-portable\\www\\Kelompok 4\\tefa-sistem-keuangan\\vendor\\laravel\\framework\\src\\Illuminate\\Foundation\\Http\\Kernel.php(144): Illuminate\\Foundation\\Http\\Kernel->sendRequestThroughRouter(Object(Illuminate\\Http\\Request))
#37 D:\\LARAGON\\laragon-6.0-portable\\www\\Kelompok 4\\tefa-sistem-keuangan\\public\\index.php(51): Illuminate\\Foundation\\Http\\Kernel->handle(Object(Illuminate\\Http\\Request))
#38 D:\\LARAGON\\laragon-6.0-portable\\www\\Kelompok 4\\tefa-sistem-keuangan\\vendor\\laravel\\framework\\src\\Illuminate\\Foundation\\resources\\server.php(16): require_once('D:\\\\LARAGON\\\\lara...')
#39 {main}
"} 
[2024-09-17 14:03:24] local.ERROR: file_put_contents(D:\LARAGON\laragon-6.0-portable\www\Kelompok 4\tefa-sistem-keuangan\storage\framework/sessions/IZMOlssCEhrmoiMY6ytPcrVg2ZO73WV1rGJSgKes): Failed to open stream: No such file or directory {"exception":"[object] (ErrorException(code: 0): file_put_contents(D:\\LARAGON\\laragon-6.0-portable\\www\\Kelompok 4\\tefa-sistem-keuangan\\storage\\framework/sessions/IZMOlssCEhrmoiMY6ytPcrVg2ZO73WV1rGJSgKes): Failed to open stream: No such file or directory at D:\\LARAGON\\laragon-6.0-portable\\www\\Kelompok 4\\tefa-sistem-keuangan\\vendor\\laravel\\framework\\src\\Illuminate\\Filesystem\\Filesystem.php:204)
[stacktrace]
#0 D:\\LARAGON\\laragon-6.0-portable\\www\\Kelompok 4\\tefa-sistem-keuangan\\vendor\\laravel\\framework\\src\\Illuminate\\Foundation\\Bootstrap\\HandleExceptions.php(255): Illuminate\\Foundation\\Bootstrap\\HandleExceptions->handleError(2, 'file_put_conten...', 'D:\\\\LARAGON\\\\lara...', 204)
#1 [internal function]: Illuminate\\Foundation\\Bootstrap\\HandleExceptions->Illuminate\\Foundation\\Bootstrap\\{closure}(2, 'file_put_conten...', 'D:\\\\LARAGON\\\\lara...', 204)
#2 D:\\LARAGON\\laragon-6.0-portable\\www\\Kelompok 4\\tefa-sistem-keuangan\\vendor\\laravel\\framework\\src\\Illuminate\\Filesystem\\Filesystem.php(204): file_put_contents('D:\\\\LARAGON\\\\lara...', 'a:3:{s:6:\"_toke...', 2)
#3 D:\\LARAGON\\laragon-6.0-portable\\www\\Kelompok 4\\tefa-sistem-keuangan\\vendor\\laravel\\framework\\src\\Illuminate\\Session\\FileSessionHandler.php(90): Illuminate\\Filesystem\\Filesystem->put('D:\\\\LARAGON\\\\lara...', 'a:3:{s:6:\"_toke...', true)
#4 D:\\LARAGON\\laragon-6.0-portable\\www\\Kelompok 4\\tefa-sistem-keuangan\\vendor\\laravel\\framework\\src\\Illuminate\\Session\\Store.php(172): Illuminate\\Session\\FileSessionHandler->write('IZMOlssCEhrmoiM...', 'a:3:{s:6:\"_toke...')
#5 D:\\LARAGON\\laragon-6.0-portable\\www\\Kelompok 4\\tefa-sistem-keuangan\\vendor\\laravel\\framework\\src\\Illuminate\\Session\\Middleware\\StartSession.php(245): Illuminate\\Session\\Store->save()
#6 D:\\LARAGON\\laragon-6.0-portable\\www\\Kelompok 4\\tefa-sistem-keuangan\\vendor\\laravel\\framework\\src\\Illuminate\\Session\\Middleware\\StartSession.php(130): Illuminate\\Session\\Middleware\\StartSession->saveSession(Object(Illuminate\\Http\\Request))
#7 D:\\LARAGON\\laragon-6.0-portable\\www\\Kelompok 4\\tefa-sistem-keuangan\\vendor\\laravel\\framework\\src\\Illuminate\\Session\\Middleware\\StartSession.php(64): Illuminate\\Session\\Middleware\\StartSession->handleStatefulRequest(Object(Illuminate\\Http\\Request), Object(Illuminate\\Session\\Store), Object(Closure))
#8 D:\\LARAGON\\laragon-6.0-portable\\www\\Kelompok 4\\tefa-sistem-keuangan\\vendor\\laravel\\framework\\src\\Illuminate\\Pipeline\\Pipeline.php(183): Illuminate\\Session\\Middleware\\StartSession->handle(Object(Illuminate\\Http\\Request), Object(Closure))
#9 D:\\LARAGON\\laragon-6.0-portable\\www\\Kelompok 4\\tefa-sistem-keuangan\\vendor\\laravel\\framework\\src\\Illuminate\\Cookie\\Middleware\\AddQueuedCookiesToResponse.php(37): Illuminate\\Pipeline\\Pipeline->Illuminate\\Pipeline\\{closure}(Object(Illuminate\\Http\\Request))
#10 D:\\LARAGON\\laragon-6.0-portable\\www\\Kelompok 4\\tefa-sistem-keuangan\\vendor\\laravel\\framework\\src\\Illuminate\\Pipeline\\Pipeline.php(183): Illuminate\\Cookie\\Middleware\\AddQueuedCookiesToResponse->handle(Object(Illuminate\\Http\\Request), Object(Closure))
#11 D:\\LARAGON\\laragon-6.0-portable\\www\\Kelompok 4\\tefa-sistem-keuangan\\vendor\\laravel\\framework\\src\\Illuminate\\Cookie\\Middleware\\EncryptCookies.php(67): Illuminate\\Pipeline\\Pipeline->Illuminate\\Pipeline\\{closure}(Object(Illuminate\\Http\\Request))
#12 D:\\LARAGON\\laragon-6.0-portable\\www\\Kelompok 4\\tefa-sistem-keuangan\\vendor\\laravel\\framework\\src\\Illuminate\\Pipeline\\Pipeline.php(183): Illuminate\\Cookie\\Middleware\\EncryptCookies->handle(Object(Illuminate\\Http\\Request), Object(Closure))
#13 D:\\LARAGON\\laragon-6.0-portable\\www\\Kelompok 4\\tefa-sistem-keuangan\\vendor\\laravel\\framework\\src\\Illuminate\\Pipeline\\Pipeline.php(119): Illuminate\\Pipeline\\Pipeline->Illuminate\\Pipeline\\{closure}(Object(Illuminate\\Http\\Request))
#14 D:\\LARAGON\\laragon-6.0-portable\\www\\Kelompok 4\\tefa-sistem-keuangan\\vendor\\laravel\\framework\\src\\Illuminate\\Routing\\Router.php(805): Illuminate\\Pipeline\\Pipeline->then(Object(Closure))
#15 D:\\LARAGON\\laragon-6.0-portable\\www\\Kelompok 4\\tefa-sistem-keuangan\\vendor\\laravel\\framework\\src\\Illuminate\\Routing\\Router.php(784): Illuminate\\Routing\\Router->runRouteWithinStack(Object(Illuminate\\Routing\\Route), Object(Illuminate\\Http\\Request))
#16 D:\\LARAGON\\laragon-6.0-portable\\www\\Kelompok 4\\tefa-sistem-keuangan\\vendor\\laravel\\framework\\src\\Illuminate\\Routing\\Router.php(748): Illuminate\\Routing\\Router->runRoute(Object(Illuminate\\Http\\Request), Object(Illuminate\\Routing\\Route))
#17 D:\\LARAGON\\laragon-6.0-portable\\www\\Kelompok 4\\tefa-sistem-keuangan\\vendor\\laravel\\framework\\src\\Illuminate\\Routing\\Router.php(737): Illuminate\\Routing\\Router->dispatchToRoute(Object(Illuminate\\Http\\Request))
#18 D:\\LARAGON\\laragon-6.0-portable\\www\\Kelompok 4\\tefa-sistem-keuangan\\vendor\\laravel\\framework\\src\\Illuminate\\Foundation\\Http\\Kernel.php(200): Illuminate\\Routing\\Router->dispatch(Object(Illuminate\\Http\\Request))
#19 D:\\LARAGON\\laragon-6.0-portable\\www\\Kelompok 4\\tefa-sistem-keuangan\\vendor\\laravel\\framework\\src\\Illuminate\\Pipeline\\Pipeline.php(144): Illuminate\\Foundation\\Http\\Kernel->Illuminate\\Foundation\\Http\\{closure}(Object(Illuminate\\Http\\Request))
#20 D:\\LARAGON\\laragon-6.0-portable\\www\\Kelompok 4\\tefa-sistem-keuangan\\app\\Http\\Middleware\\ForceJsonResponse.php(20): Illuminate\\Pipeline\\Pipeline->Illuminate\\Pipeline\\{closure}(Object(Illuminate\\Http\\Request))
#21 D:\\LARAGON\\laragon-6.0-portable\\www\\Kelompok 4\\tefa-sistem-keuangan\\vendor\\laravel\\framework\\src\\Illuminate\\Pipeline\\Pipeline.php(183): App\\Http\\Middleware\\ForceJsonResponse->handle(Object(Illuminate\\Http\\Request), Object(Closure))
#22 D:\\LARAGON\\laragon-6.0-portable\\www\\Kelompok 4\\tefa-sistem-keuangan\\vendor\\laravel\\framework\\src\\Illuminate\\Foundation\\Http\\Middleware\\TransformsRequest.php(21): Illuminate\\Pipeline\\Pipeline->Illuminate\\Pipeline\\{closure}(Object(Illuminate\\Http\\Request))
#23 D:\\LARAGON\\laragon-6.0-portable\\www\\Kelompok 4\\tefa-sistem-keuangan\\vendor\\laravel\\framework\\src\\Illuminate\\Foundation\\Http\\Middleware\\ConvertEmptyStringsToNull.php(31): Illuminate\\Foundation\\Http\\Middleware\\TransformsRequest->handle(Object(Illuminate\\Http\\Request), Object(Closure))
#24 D:\\LARAGON\\laragon-6.0-portable\\www\\Kelompok 4\\tefa-sistem-keuangan\\vendor\\laravel\\framework\\src\\Illuminate\\Pipeline\\Pipeline.php(183): Illuminate\\Foundation\\Http\\Middleware\\ConvertEmptyStringsToNull->handle(Object(Illuminate\\Http\\Request), Object(Closure))
#25 D:\\LARAGON\\laragon-6.0-portable\\www\\Kelompok 4\\tefa-sistem-keuangan\\vendor\\laravel\\framework\\src\\Illuminate\\Foundation\\Http\\Middleware\\TransformsRequest.php(21): Illuminate\\Pipeline\\Pipeline->Illuminate\\Pipeline\\{closure}(Object(Illuminate\\Http\\Request))
#26 D:\\LARAGON\\laragon-6.0-portable\\www\\Kelompok 4\\tefa-sistem-keuangan\\vendor\\laravel\\framework\\src\\Illuminate\\Foundation\\Http\\Middleware\\TrimStrings.php(40): Illuminate\\Foundation\\Http\\Middleware\\TransformsRequest->handle(Object(Illuminate\\Http\\Request), Object(Closure))
#27 D:\\LARAGON\\laragon-6.0-portable\\www\\Kelompok 4\\tefa-sistem-keuangan\\vendor\\laravel\\framework\\src\\Illuminate\\Pipeline\\Pipeline.php(183): Illuminate\\Foundation\\Http\\Middleware\\TrimStrings->handle(Object(Illuminate\\Http\\Request), Object(Closure))
#28 D:\\LARAGON\\laragon-6.0-portable\\www\\Kelompok 4\\tefa-sistem-keuangan\\vendor\\laravel\\framework\\src\\Illuminate\\Foundation\\Http\\Middleware\\PreventRequestsDuringMaintenance.php(99): Illuminate\\Pipeline\\Pipeline->Illuminate\\Pipeline\\{closure}(Object(Illuminate\\Http\\Request))
#29 D:\\LARAGON\\laragon-6.0-portable\\www\\Kelompok 4\\tefa-sistem-keuangan\\vendor\\laravel\\framework\\src\\Illuminate\\Pipeline\\Pipeline.php(183): Illuminate\\Foundation\\Http\\Middleware\\PreventRequestsDuringMaintenance->handle(Object(Illuminate\\Http\\Request), Object(Closure))
#30 D:\\LARAGON\\laragon-6.0-portable\\www\\Kelompok 4\\tefa-sistem-keuangan\\vendor\\laravel\\framework\\src\\Illuminate\\Http\\Middleware\\HandleCors.php(49): Illuminate\\Pipeline\\Pipeline->Illuminate\\Pipeline\\{closure}(Object(Illuminate\\Http\\Request))
#31 D:\\LARAGON\\laragon-6.0-portable\\www\\Kelompok 4\\tefa-sistem-keuangan\\vendor\\laravel\\framework\\src\\Illuminate\\Pipeline\\Pipeline.php(183): Illuminate\\Http\\Middleware\\HandleCors->handle(Object(Illuminate\\Http\\Request), Object(Closure))
#32 D:\\LARAGON\\laragon-6.0-portable\\www\\Kelompok 4\\tefa-sistem-keuangan\\vendor\\laravel\\framework\\src\\Illuminate\\Http\\Middleware\\TrustProxies.php(39): Illuminate\\Pipeline\\Pipeline->Illuminate\\Pipeline\\{closure}(Object(Illuminate\\Http\\Request))
#33 D:\\LARAGON\\laragon-6.0-portable\\www\\Kelompok 4\\tefa-sistem-keuangan\\vendor\\laravel\\framework\\src\\Illuminate\\Pipeline\\Pipeline.php(183): Illuminate\\Http\\Middleware\\TrustProxies->handle(Object(Illuminate\\Http\\Request), Object(Closure))
#34 D:\\LARAGON\\laragon-6.0-portable\\www\\Kelompok 4\\tefa-sistem-keuangan\\vendor\\laravel\\framework\\src\\Illuminate\\Pipeline\\Pipeline.php(119): Illuminate\\Pipeline\\Pipeline->Illuminate\\Pipeline\\{closure}(Object(Illuminate\\Http\\Request))
#35 D:\\LARAGON\\laragon-6.0-portable\\www\\Kelompok 4\\tefa-sistem-keuangan\\vendor\\laravel\\framework\\src\\Illuminate\\Foundation\\Http\\Kernel.php(175): Illuminate\\Pipeline\\Pipeline->then(Object(Closure))
#36 D:\\LARAGON\\laragon-6.0-portable\\www\\Kelompok 4\\tefa-sistem-keuangan\\vendor\\laravel\\framework\\src\\Illuminate\\Foundation\\Http\\Kernel.php(144): Illuminate\\Foundation\\Http\\Kernel->sendRequestThroughRouter(Object(Illuminate\\Http\\Request))
#37 D:\\LARAGON\\laragon-6.0-portable\\www\\Kelompok 4\\tefa-sistem-keuangan\\public\\index.php(51): Illuminate\\Foundation\\Http\\Kernel->handle(Object(Illuminate\\Http\\Request))
#38 D:\\LARAGON\\laragon-6.0-portable\\www\\Kelompok 4\\tefa-sistem-keuangan\\vendor\\laravel\\framework\\src\\Illuminate\\Foundation\\resources\\server.php(16): require_once('D:\\\\LARAGON\\\\lara...')
#39 {main}
"} 
